<?xml version="1.0" encoding="UTF-8"?>
<!-- Generated by org.testng.reporters.JUnitXMLReporter -->
<testsuite hostname="DESKTOP-OEF9M0J" ignored="3" name="Default test" tests="1" failures="0" timestamp="2020-10-28T17:15:50 IST" time="5.627" errors="0">
  <testcase name="testPostNewPet" time="5.593" classname="com.globalhunt.apitest.DemoPetStore"/>
  <testcase name="updatePet" time="0.0" classname="com.globalhunt.apitest.DemoPetStore">
    <ignored/>
  </testcase> <!-- updatePet -->
  <testcase name="testPetsByStatus" time="0.0" classname="com.globalhunt.apitest.DemoPetStore">
    <ignored/>
  </testcase> <!-- testPetsByStatus -->
  <testcase name="deletePet" time="0.0" classname="com.globalhunt.apitest.DemoPetStore">
    <ignored/>
  </testcase> <!-- deletePet -->
</testsuite> <!-- Default test -->
