<?xml version="1.0" encoding="UTF-8"?>
<testng-results skipped="0" failed="0" ignored="3" total="4" passed="1">
  <reporter-output>
  </reporter-output>
  <suite name="Default suite" duration-ms="5627" started-at="2020-10-28T17:15:44 IST" finished-at="2020-10-28T17:15:50 IST">
    <groups>
    </groups>
    <test name="Default test" duration-ms="5627" started-at="2020-10-28T17:15:44 IST" finished-at="2020-10-28T17:15:50 IST">
      <class name="com.globalhunt.apitest.DemoPetStore">
        <test-method status="PASS" signature="testPostNewPet()[pri:0, instance:com.globalhunt.apitest.DemoPetStore@37d31475]" name="testPostNewPet" duration-ms="5593" started-at="2020-10-28T17:15:44 IST" finished-at="2020-10-28T17:15:50 IST">
          <reporter-output>
          </reporter-output>
        </test-method> <!-- testPostNewPet -->
      </class> <!-- com.globalhunt.apitest.DemoPetStore -->
    </test> <!-- Default test -->
  </suite> <!-- Default suite -->
</testng-results>
